Standard Commons Logging discovery in action with spring-jcl: please remove commons-logging.jar from classpath in order to avoid potential conflicts

  .   ____          _            __ _ _
 /\\ / ___'_ __ _ _(_)_ __  __ _ \ \ \ \
( ( )\___ | '_ | '_| | '_ \/ _` | \ \ \ \
 \\/  ___)| |_)| | | | | || (_| |  ) ) ) )
  '  |____| .__|_| |_|_| |_\__, | / / / /
 =========|_|==============|___/=/_/_/_/

[32m :: Spring Boot :: [39m              [2m (v3.4.1)[0;39m

[2m2026-06-28T20:11:13.728Z[0;39m [32m INFO[0;39m [35m73857[0;39m [2m--- [samabank-discovery] [           main] [0;39m[36ms.s.d.SamabankDiscoveryApplication      [0;39m [2m:[0;39m Starting SamabankDiscoveryApplication v0.0.1-SNAPSHOT using Java 25.0.2 with PID 73857 (/home/falilou/Bureau/EXAM_DEV_FULLSTACK/backend/samabank-discovery/target/samabank-discovery-0.0.1-SNAPSHOT.jar started by falilou in /home/falilou/Bureau/EXAM_DEV_FULLSTACK)
[2m2026-06-28T20:11:13.733Z[0;39m [32m INFO[0;39m [35m73857[0;39m [2m--- [samabank-discovery] [           main] [0;39m[36ms.s.d.SamabankDiscoveryApplication      [0;39m [2m:[0;39m No active profile set, falling back to 1 default profile: "default"
[2m2026-06-28T20:11:15.218Z[0;39m [32m INFO[0;39m [35m73857[0;39m [2m--- [samabank-discovery] [           main] [0;39m[36mo.s.cloud.context.scope.GenericScope    [0;39m [2m:[0;39m BeanFactory id=ae789dc1-ada6-30f7-ad52-a8488f38a5d4
WARNING: A restricted method in java.lang.System has been called
WARNING: java.lang.System::load has been called by org.apache.tomcat.jni.Library in an unnamed module (jar:nested:/home/falilou/Bureau/EXAM_DEV_FULLSTACK/backend/samabank-discovery/target/samabank-discovery-0.0.1-SNAPSHOT.jar/!BOOT-INF/lib/tomcat-embed-core-10.1.34.jar!/)
WARNING: Use --enable-native-access=ALL-UNNAMED to avoid a warning for callers in this module
WARNING: Restricted methods will be blocked in a future release unless native access is enabled

[2m2026-06-28T20:11:15.684Z[0;39m [32m INFO[0;39m [35m73857[0;39m [2m--- [samabank-discovery] [           main] [0;39m[36mo.s.b.w.embedded.tomcat.TomcatWebServer [0;39m [2m:[0;39m Tomcat initialized with port 8761 (http)
[2m2026-06-28T20:11:15.701Z[0;39m [32m INFO[0;39m [35m73857[0;39m [2m--- [samabank-discovery] [           main] [0;39m[36mo.apache.catalina.core.StandardService  [0;39m [2m:[0;39m Starting service [Tomcat]
[2m2026-06-28T20:11:15.701Z[0;39m [32m INFO[0;39m [35m73857[0;39m [2m--- [samabank-discovery] [           main] [0;39m[36mo.apache.catalina.core.StandardEngine   [0;39m [2m:[0;39m Starting Servlet engine: [Apache Tomcat/10.1.34]
[2m2026-06-28T20:11:15.741Z[0;39m [32m INFO[0;39m [35m73857[0;39m [2m--- [samabank-discovery] [           main] [0;39m[36mo.a.c.c.C.[Tomcat].[localhost].[/]      [0;39m [2m:[0;39m Initializing Spring embedded WebApplicationContext
[2m2026-06-28T20:11:15.742Z[0;39m [32m INFO[0;39m [35m73857[0;39m [2m--- [samabank-discovery] [           main] [0;39m[36mw.s.c.ServletWebServerApplicationContext[0;39m [2m:[0;39m Root WebApplicationContext: initialization completed in 1904 ms
Standard Commons Logging discovery in action with spring-jcl: please remove commons-logging.jar from classpath in order to avoid potential conflicts
[2m2026-06-28T20:11:17.083Z[0;39m [32m INFO[0;39m [35m73857[0;39m [2m--- [samabank-discovery] [           main] [0;39m[36mc.n.d.provider.DiscoveryJerseyProvider  [0;39m [2m:[0;39m Using JSON encoding codec LegacyJacksonJson
[2m2026-06-28T20:11:17.084Z[0;39m [32m INFO[0;39m [35m73857[0;39m [2m--- [samabank-discovery] [           main] [0;39m[36mc.n.d.provider.DiscoveryJerseyProvider  [0;39m [2m:[0;39m Using JSON decoding codec LegacyJacksonJson
WARNING: A terminally deprecated method in sun.misc.Unsafe has been called
WARNING: sun.misc.Unsafe::objectFieldOffset has been called by com.thoughtworks.xstream.converters.reflection.SunUnsafeReflectionProvider (jar:nested:/home/falilou/Bureau/EXAM_DEV_FULLSTACK/backend/samabank-discovery/target/samabank-discovery-0.0.1-SNAPSHOT.jar/!BOOT-INF/lib/xstream-1.4.20.jar!/)
WARNING: Please consider reporting this to the maintainers of class com.thoughtworks.xstream.converters.reflection.SunUnsafeReflectionProvider
WARNING: sun.misc.Unsafe::objectFieldOffset will be removed in a future release
[2m2026-06-28T20:11:17.464Z[0;39m [32m INFO[0;39m [35m73857[0;39m [2m--- [samabank-discovery] [           main] [0;39m[36mc.n.d.provider.DiscoveryJerseyProvider  [0;39m [2m:[0;39m Using XML encoding codec XStreamXml
[2m2026-06-28T20:11:17.465Z[0;39m [32m INFO[0;39m [35m73857[0;39m [2m--- [samabank-discovery] [           main] [0;39m[36mc.n.d.provider.DiscoveryJerseyProvider  [0;39m [2m:[0;39m Using XML decoding codec XStreamXml
[2m2026-06-28T20:11:17.711Z[0;39m [32m INFO[0;39m [35m73857[0;39m [2m--- [samabank-discovery] [           main] [0;39m[36mo.s.v.b.OptionalValidatorFactoryBean    [0;39m [2m:[0;39m Failed to set up a Bean Validation provider: jakarta.validation.NoProviderFoundException: Unable to create a Configuration, because no Jakarta Bean Validation provider could be found. Add a provider like Hibernate Validator (RI) to your classpath.
[2m2026-06-28T20:11:18.748Z[0;39m [33m WARN[0;39m [35m73857[0;39m [2m--- [samabank-discovery] [           main] [0;39m[36miguration$LoadBalancerCaffeineWarnLogger[0;39m [2m:[0;39m Spring Cloud LoadBalancer is currently working with the default cache. While this cache implementation is useful for development and tests, it's recommended to use Caffeine cache in production.You can switch to using Caffeine cache, by adding it and org.springframework.cache.caffeine.CaffeineCacheManager to the classpath.
[2m2026-06-28T20:11:18.777Z[0;39m [32m INFO[0;39m [35m73857[0;39m [2m--- [samabank-discovery] [           main] [0;39m[36mo.s.c.n.eureka.InstanceInfoFactory      [0;39m [2m:[0;39m Setting initial instance status as: STARTING
[2m2026-06-28T20:11:18.797Z[0;39m [32m INFO[0;39m [35m73857[0;39m [2m--- [samabank-discovery] [           main] [0;39m[36mcom.netflix.discovery.DiscoveryClient   [0;39m [2m:[0;39m Initializing Eureka in region us-east-1
[2m2026-06-28T20:11:18.798Z[0;39m [32m INFO[0;39m [35m73857[0;39m [2m--- [samabank-discovery] [           main] [0;39m[36mcom.netflix.discovery.DiscoveryClient   [0;39m [2m:[0;39m Client configured to neither register nor query for data.
[2m2026-06-28T20:11:18.799Z[0;39m [32m INFO[0;39m [35m73857[0;39m [2m--- [samabank-discovery] [           main] [0;39m[36mcom.netflix.discovery.DiscoveryClient   [0;39m [2m:[0;39m Discovery Client initialized at timestamp 1782677478798 with initial instances count: 0
[2m2026-06-28T20:11:18.842Z[0;39m [32m INFO[0;39m [35m73857[0;39m [2m--- [samabank-discovery] [           main] [0;39m[36mc.n.eureka.DefaultEurekaServerContext   [0;39m [2m:[0;39m Initializing ...
[2m2026-06-28T20:11:18.844Z[0;39m [32m INFO[0;39m [35m73857[0;39m [2m--- [samabank-discovery] [           main] [0;39m[36mc.n.eureka.cluster.PeerEurekaNodes      [0;39m [2m:[0;39m Adding new peer nodes [http://localhost:8761/eureka/]
[2m2026-06-28T20:11:19.000Z[0;39m [32m INFO[0;39m [35m73857[0;39m [2m--- [samabank-discovery] [           main] [0;39m[36mc.n.d.provider.DiscoveryJerseyProvider  [0;39m [2m:[0;39m Using JSON encoding codec LegacyJacksonJson
[2m2026-06-28T20:11:19.000Z[0;39m [32m INFO[0;39m [35m73857[0;39m [2m--- [samabank-discovery] [           main] [0;39m[36mc.n.d.provider.DiscoveryJerseyProvider  [0;39m [2m:[0;39m Using JSON decoding codec LegacyJacksonJson
[2m2026-06-28T20:11:19.000Z[0;39m [32m INFO[0;39m [35m73857[0;39m [2m--- [samabank-discovery] [           main] [0;39m[36mc.n.d.provider.DiscoveryJerseyProvider  [0;39m [2m:[0;39m Using XML encoding codec XStreamXml
[2m2026-06-28T20:11:19.000Z[0;39m [32m INFO[0;39m [35m73857[0;39m [2m--- [samabank-discovery] [           main] [0;39m[36mc.n.d.provider.DiscoveryJerseyProvider  [0;39m [2m:[0;39m Using XML decoding codec XStreamXml
[2m2026-06-28T20:11:19.046Z[0;39m [32m INFO[0;39m [35m73857[0;39m [2m--- [samabank-discovery] [           main] [0;39m[36mc.n.eureka.cluster.PeerEurekaNodes      [0;39m [2m:[0;39m Replica node URL:  http://localhost:8761/eureka/
[2m2026-06-28T20:11:19.060Z[0;39m [32m INFO[0;39m [35m73857[0;39m [2m--- [samabank-discovery] [           main] [0;39m[36mc.n.e.registry.AbstractInstanceRegistry [0;39m [2m:[0;39m Finished initializing remote region registries. All known remote regions: []
[2m2026-06-28T20:11:19.060Z[0;39m [32m INFO[0;39m [35m73857[0;39m [2m--- [samabank-discovery] [           main] [0;39m[36mc.n.eureka.DefaultEurekaServerContext   [0;39m [2m:[0;39m Initialized
[2m2026-06-28T20:11:19.076Z[0;39m [32m INFO[0;39m [35m73857[0;39m [2m--- [samabank-discovery] [           main] [0;39m[36mo.s.b.a.e.web.EndpointLinksResolver     [0;39m [2m:[0;39m Exposing 1 endpoint beneath base path '/actuator'
[2m2026-06-28T20:11:19.154Z[0;39m [32m INFO[0;39m [35m73857[0;39m [2m--- [samabank-discovery] [           main] [0;39m[36mo.s.c.n.e.s.EurekaServiceRegistry       [0;39m [2m:[0;39m Registering application SAMABANK-DISCOVERY with eureka with status UP
[2m2026-06-28T20:11:19.172Z[0;39m [32m INFO[0;39m [35m73857[0;39m [2m--- [samabank-discovery] [       Thread-9] [0;39m[36mo.s.c.n.e.server.EurekaServerBootstrap  [0;39m [2m:[0;39m isAws returned false
[2m2026-06-28T20:11:19.173Z[0;39m [32m INFO[0;39m [35m73857[0;39m [2m--- [samabank-discovery] [       Thread-9] [0;39m[36mo.s.c.n.e.server.EurekaServerBootstrap  [0;39m [2m:[0;39m Initialized server context
[2m2026-06-28T20:11:19.173Z[0;39m [32m INFO[0;39m [35m73857[0;39m [2m--- [samabank-discovery] [       Thread-9] [0;39m[36mc.n.e.r.PeerAwareInstanceRegistryImpl   [0;39m [2m:[0;39m Got 1 instances from neighboring DS node
[2m2026-06-28T20:11:19.173Z[0;39m [32m INFO[0;39m [35m73857[0;39m [2m--- [samabank-discovery] [       Thread-9] [0;39m[36mc.n.e.r.PeerAwareInstanceRegistryImpl   [0;39m [2m:[0;39m Renew threshold is: 1
[2m2026-06-28T20:11:19.173Z[0;39m [32m INFO[0;39m [35m73857[0;39m [2m--- [samabank-discovery] [       Thread-9] [0;39m[36mc.n.e.r.PeerAwareInstanceRegistryImpl   [0;39m [2m:[0;39m Changing status to UP
[2m2026-06-28T20:11:19.176Z[0;39m [32m INFO[0;39m [35m73857[0;39m [2m--- [samabank-discovery] [       Thread-9] [0;39m[36me.s.EurekaServerInitializerConfiguration[0;39m [2m:[0;39m Started Eureka Server
[2m2026-06-28T20:11:19.177Z[0;39m [32m INFO[0;39m [35m73857[0;39m [2m--- [samabank-discovery] [           main] [0;39m[36mo.s.b.w.embedded.tomcat.TomcatWebServer [0;39m [2m:[0;39m Tomcat started on port 8761 (http) with context path '/'
[2m2026-06-28T20:11:19.178Z[0;39m [32m INFO[0;39m [35m73857[0;39m [2m--- [samabank-discovery] [           main] [0;39m[36m.s.c.n.e.s.EurekaAutoServiceRegistration[0;39m [2m:[0;39m Updating port to 8761
[2m2026-06-28T20:11:19.214Z[0;39m [32m INFO[0;39m [35m73857[0;39m [2m--- [samabank-discovery] [           main] [0;39m[36ms.s.d.SamabankDiscoveryApplication      [0;39m [2m:[0;39m Started SamabankDiscoveryApplication in 6.242 seconds (process running for 6.929)
[2m2026-06-28T20:11:42.687Z[0;39m [32m INFO[0;39m [35m73857[0;39m [2m--- [samabank-discovery] [nio-8761-exec-2] [0;39m[36mo.a.c.c.C.[Tomcat].[localhost].[/]      [0;39m [2m:[0;39m Initializing Spring DispatcherServlet 'dispatcherServlet'
[2m2026-06-28T20:11:42.688Z[0;39m [32m INFO[0;39m [35m73857[0;39m [2m--- [samabank-discovery] [nio-8761-exec-2] [0;39m[36mo.s.web.servlet.DispatcherServlet       [0;39m [2m:[0;39m Initializing Servlet 'dispatcherServlet'
[2m2026-06-28T20:11:42.689Z[0;39m [32m INFO[0;39m [35m73857[0;39m [2m--- [samabank-discovery] [nio-8761-exec-2] [0;39m[36mo.s.web.servlet.DispatcherServlet       [0;39m [2m:[0;39m Completed initialization in 1 ms
[2m2026-06-28T20:11:42.789Z[0;39m [33m WARN[0;39m [35m73857[0;39m [2m--- [samabank-discovery] [nio-8761-exec-2] [0;39m[36mc.n.e.registry.AbstractInstanceRegistry [0;39m [2m:[0;39m DS: Registry: lease doesn't exist, registering resource: SAMABANK-AUTH-SERVICE - 10.156.114.179:samabank-auth-service:8081
[2m2026-06-28T20:11:42.789Z[0;39m [33m WARN[0;39m [35m73857[0;39m [2m--- [samabank-discovery] [nio-8761-exec-2] [0;39m[36mc.n.eureka.resources.InstanceResource   [0;39m [2m:[0;39m Not Found (Renew): SAMABANK-AUTH-SERVICE - 10.156.114.179:samabank-auth-service:8081
[2m2026-06-28T20:11:43.095Z[0;39m [32m INFO[0;39m [35m73857[0;39m [2m--- [samabank-discovery] [nio-8761-exec-5] [0;39m[36mc.n.e.registry.AbstractInstanceRegistry [0;39m [2m:[0;39m Registered instance SAMABANK-AUTH-SERVICE/10.156.114.179:samabank-auth-service:8081 with status UP (replication=false)
[2m2026-06-28T20:11:43.760Z[0;39m [32m INFO[0;39m [35m73857[0;39m [2m--- [samabank-discovery] [nio-8761-exec-6] [0;39m[36mc.n.e.registry.AbstractInstanceRegistry [0;39m [2m:[0;39m Registered instance SAMABANK-AUTH-SERVICE/10.156.114.179:samabank-auth-service:8081 with status UP (replication=true)
[2m2026-06-28T20:11:48.543Z[0;39m [32m INFO[0;39m [35m73857[0;39m [2m--- [samabank-discovery] [nio-8761-exec-8] [0;39m[36mc.n.e.registry.AbstractInstanceRegistry [0;39m [2m:[0;39m Registered instance SAMABANK-CUSTOMER-SERVICE/172.20.10.6:samabank-customer-service:8082 with status UP (replication=false)
[2m2026-06-28T20:11:49.062Z[0;39m [32m INFO[0;39m [35m73857[0;39m [2m--- [samabank-discovery] [nio-8761-exec-9] [0;39m[36mc.n.e.registry.AbstractInstanceRegistry [0;39m [2m:[0;39m Registered instance SAMABANK-CUSTOMER-SERVICE/172.20.10.6:samabank-customer-service:8082 with status UP (replication=true)
[2m2026-06-28T20:12:19.175Z[0;39m [32m INFO[0;39m [35m73857[0;39m [2m--- [samabank-discovery] [a-EvictionTimer] [0;39m[36mc.n.e.registry.AbstractInstanceRegistry [0;39m [2m:[0;39m Running the evict task with compensationTime 0ms
[2m2026-06-28T20:12:34.360Z[0;39m [32m INFO[0;39m [35m73857[0;39m [2m--- [samabank-discovery] [ionShutdownHook] [0;39m[36mo.s.c.n.e.s.EurekaServiceRegistry       [0;39m [2m:[0;39m Unregistering application SAMABANK-DISCOVERY with eureka with status DOWN
[2m2026-06-28T20:12:34.364Z[0;39m [32m INFO[0;39m [35m73857[0;39m [2m--- [samabank-discovery] [ionShutdownHook] [0;39m[36mo.s.b.w.e.tomcat.GracefulShutdown       [0;39m [2m:[0;39m Commencing graceful shutdown. Waiting for active requests to complete
[2m2026-06-28T20:12:34.367Z[0;39m [32m INFO[0;39m [35m73857[0;39m [2m--- [samabank-discovery] [tomcat-shutdown] [0;39m[36mo.s.b.w.e.tomcat.GracefulShutdown       [0;39m [2m:[0;39m Graceful shutdown complete
[2m2026-06-28T20:12:34.368Z[0;39m [32m INFO[0;39m [35m73857[0;39m [2m--- [samabank-discovery] [ionShutdownHook] [0;39m[36mo.s.c.n.e.server.EurekaServerBootstrap  [0;39m [2m:[0;39m Shutting down Eureka Server..
[2m2026-06-28T20:12:34.369Z[0;39m [32m INFO[0;39m [35m73857[0;39m [2m--- [samabank-discovery] [ionShutdownHook] [0;39m[36mc.n.eureka.DefaultEurekaServerContext   [0;39m [2m:[0;39m Shutting down ...
[2m2026-06-28T20:12:34.372Z[0;39m [32m INFO[0;39m [35m73857[0;39m [2m--- [samabank-discovery] [ionShutdownHook] [0;39m[36mc.n.eureka.DefaultEurekaServerContext   [0;39m [2m:[0;39m Shut down
[2m2026-06-28T20:12:34.372Z[0;39m [32m INFO[0;39m [35m73857[0;39m [2m--- [samabank-discovery] [ionShutdownHook] [0;39m[36mo.s.c.n.e.server.EurekaServerBootstrap  [0;39m [2m:[0;39m Eureka Service is now shutdown...
[2m2026-06-28T20:12:34.373Z[0;39m [32m INFO[0;39m [35m73857[0;39m [2m--- [samabank-discovery] [ionShutdownHook] [0;39m[36mc.n.eureka.DefaultEurekaServerContext   [0;39m [2m:[0;39m Shutting down ...
[2m2026-06-28T20:12:34.373Z[0;39m [32m INFO[0;39m [35m73857[0;39m [2m--- [samabank-discovery] [ionShutdownHook] [0;39m[36mc.n.eureka.DefaultEurekaServerContext   [0;39m [2m:[0;39m Shut down
[2m2026-06-28T20:12:34.369Z[0;39m [31mERROR[0;39m [35m73857[0;39m [2m--- [samabank-discovery] [t-Conn-Cleaner2] [0;39m[36mc.n.d.s.t.j.EurekaJersey3ClientImpl     [0;39m [2m:[0;39m Cannot clean connections

java.lang.IllegalStateException: Client instance has been closed.
	at org.glassfish.jersey.internal.guava.Preconditions.checkState(Preconditions.java:169) ~[jersey-common-3.1.9.jar!/:na]
	at org.glassfish.jersey.client.JerseyClient.checkNotClosed(JerseyClient.java:248) ~[jersey-client-3.1.9.jar!/:na]
	at org.glassfish.jersey.client.JerseyClient.getConfiguration(JerseyClient.java:363) ~[jersey-client-3.1.9.jar!/:na]
	at org.glassfish.jersey.client.JerseyClient.getConfiguration(JerseyClient.java:54) ~[jersey-client-3.1.9.jar!/:na]
	at com.netflix.discovery.shared.transport.jersey3.EurekaJersey3ClientImpl$ConnectionCleanerTask.run(EurekaJersey3ClientImpl.java:338) ~[eureka-client-jersey3-2.0.4.jar!/:2.0.4]
	at java.base/java.util.concurrent.Executors$RunnableAdapter.call(Executors.java:545) ~[na:na]
	at java.base/java.util.concurrent.FutureTask.run(FutureTask.java:328) ~[na:na]
	at java.base/java.util.concurrent.ScheduledThreadPoolExecutor$ScheduledFutureTask.run(ScheduledThreadPoolExecutor.java:309) ~[na:na]
	at java.base/java.util.concurrent.ThreadPoolExecutor.runWorker(ThreadPoolExecutor.java:1090) ~[na:na]
	at java.base/java.util.concurrent.ThreadPoolExecutor$Worker.run(ThreadPoolExecutor.java:614) ~[na:na]
	at java.base/java.lang.Thread.run(Thread.java:1474) ~[na:na]

[2m2026-06-28T20:12:34.378Z[0;39m [32m INFO[0;39m [35m73857[0;39m [2m--- [samabank-discovery] [ionShutdownHook] [0;39m[36mcom.netflix.discovery.DiscoveryClient   [0;39m [2m:[0;39m Shutting down DiscoveryClient ...
[2m2026-06-28T20:12:34.379Z[0;39m [32m INFO[0;39m [35m73857[0;39m [2m--- [samabank-discovery] [ionShutdownHook] [0;39m[36mcom.netflix.discovery.DiscoveryClient   [0;39m [2m:[0;39m Completed shut down of DiscoveryClient
Standard Commons Logging discovery in action with spring-jcl: please remove commons-logging.jar from classpath in order to avoid potential conflicts

  .   ____          _            __ _ _
 /\\ / ___'_ __ _ _(_)_ __  __ _ \ \ \ \
( ( )\___ | '_ | '_| | '_ \/ _` | \ \ \ \
 \\/  ___)| |_)| | | | | || (_| |  ) ) ) )
  '  |____| .__|_| |_|_| |_\__, | / / / /
 =========|_|==============|___/=/_/_/_/

[32m :: Spring Boot :: [39m              [2m (v3.4.1)[0;39m

[2m2026-06-28T20:12:54.734Z[0;39m [32m INFO[0;39m [35m74873[0;39m [2m--- [samabank-discovery] [           main] [0;39m[36ms.s.d.SamabankDiscoveryApplication      [0;39m [2m:[0;39m Starting SamabankDiscoveryApplication v0.0.1-SNAPSHOT using Java 25.0.2 with PID 74873 (/home/falilou/Bureau/EXAM_DEV_FULLSTACK/backend/samabank-discovery/target/samabank-discovery-0.0.1-SNAPSHOT.jar started by falilou in /home/falilou/Bureau/EXAM_DEV_FULLSTACK)
[2m2026-06-28T20:12:54.738Z[0;39m [32m INFO[0;39m [35m74873[0;39m [2m--- [samabank-discovery] [           main] [0;39m[36ms.s.d.SamabankDiscoveryApplication      [0;39m [2m:[0;39m No active profile set, falling back to 1 default profile: "default"
[2m2026-06-28T20:12:56.269Z[0;39m [32m INFO[0;39m [35m74873[0;39m [2m--- [samabank-discovery] [           main] [0;39m[36mo.s.cloud.context.scope.GenericScope    [0;39m [2m:[0;39m BeanFactory id=ae789dc1-ada6-30f7-ad52-a8488f38a5d4
WARNING: A restricted method in java.lang.System has been called
WARNING: java.lang.System::load has been called by org.apache.tomcat.jni.Library in an unnamed module (jar:nested:/home/falilou/Bureau/EXAM_DEV_FULLSTACK/backend/samabank-discovery/target/samabank-discovery-0.0.1-SNAPSHOT.jar/!BOOT-INF/lib/tomcat-embed-core-10.1.34.jar!/)
WARNING: Use --enable-native-access=ALL-UNNAMED to avoid a warning for callers in this module
WARNING: Restricted methods will be blocked in a future release unless native access is enabled

[2m2026-06-28T20:12:56.648Z[0;39m [32m INFO[0;39m [35m74873[0;39m [2m--- [samabank-discovery] [           main] [0;39m[36mo.s.b.w.embedded.tomcat.TomcatWebServer [0;39m [2m:[0;39m Tomcat initialized with port 8761 (http)
[2m2026-06-28T20:12:56.662Z[0;39m [32m INFO[0;39m [35m74873[0;39m [2m--- [samabank-discovery] [           main] [0;39m[36mo.apache.catalina.core.StandardService  [0;39m [2m:[0;39m Starting service [Tomcat]
[2m2026-06-28T20:12:56.663Z[0;39m [32m INFO[0;39m [35m74873[0;39m [2m--- [samabank-discovery] [           main] [0;39m[36mo.apache.catalina.core.StandardEngine   [0;39m [2m:[0;39m Starting Servlet engine: [Apache Tomcat/10.1.34]
[2m2026-06-28T20:12:56.697Z[0;39m [32m INFO[0;39m [35m74873[0;39m [2m--- [samabank-discovery] [           main] [0;39m[36mo.a.c.c.C.[Tomcat].[localhost].[/]      [0;39m [2m:[0;39m Initializing Spring embedded WebApplicationContext
[2m2026-06-28T20:12:56.698Z[0;39m [32m INFO[0;39m [35m74873[0;39m [2m--- [samabank-discovery] [           main] [0;39m[36mw.s.c.ServletWebServerApplicationContext[0;39m [2m:[0;39m Root WebApplicationContext: initialization completed in 1869 ms
Standard Commons Logging discovery in action with spring-jcl: please remove commons-logging.jar from classpath in order to avoid potential conflicts
[2m2026-06-28T20:12:57.895Z[0;39m [32m INFO[0;39m [35m74873[0;39m [2m--- [samabank-discovery] [           main] [0;39m[36mc.n.d.provider.DiscoveryJerseyProvider  [0;39m [2m:[0;39m Using JSON encoding codec LegacyJacksonJson
[2m2026-06-28T20:12:57.896Z[0;39m [32m INFO[0;39m [35m74873[0;39m [2m--- [samabank-discovery] [           main] [0;39m[36mc.n.d.provider.DiscoveryJerseyProvider  [0;39m [2m:[0;39m Using JSON decoding codec LegacyJacksonJson
WARNING: A terminally deprecated method in sun.misc.Unsafe has been called
WARNING: sun.misc.Unsafe::objectFieldOffset has been called by com.thoughtworks.xstream.converters.reflection.SunUnsafeReflectionProvider (jar:nested:/home/falilou/Bureau/EXAM_DEV_FULLSTACK/backend/samabank-discovery/target/samabank-discovery-0.0.1-SNAPSHOT.jar/!BOOT-INF/lib/xstream-1.4.20.jar!/)
WARNING: Please consider reporting this to the maintainers of class com.thoughtworks.xstream.converters.reflection.SunUnsafeReflectionProvider
WARNING: sun.misc.Unsafe::objectFieldOffset will be removed in a future release
[2m2026-06-28T20:12:58.215Z[0;39m [32m INFO[0;39m [35m74873[0;39m [2m--- [samabank-discovery] [           main] [0;39m[36mc.n.d.provider.DiscoveryJerseyProvider  [0;39m [2m:[0;39m Using XML encoding codec XStreamXml
[2m2026-06-28T20:12:58.216Z[0;39m [32m INFO[0;39m [35m74873[0;39m [2m--- [samabank-discovery] [           main] [0;39m[36mc.n.d.provider.DiscoveryJerseyProvider  [0;39m [2m:[0;39m Using XML decoding codec XStreamXml
[2m2026-06-28T20:12:58.411Z[0;39m [32m INFO[0;39m [35m74873[0;39m [2m--- [samabank-discovery] [           main] [0;39m[36mo.s.v.b.OptionalValidatorFactoryBean    [0;39m [2m:[0;39m Failed to set up a Bean Validation provider: jakarta.validation.NoProviderFoundException: Unable to create a Configuration, because no Jakarta Bean Validation provider could be found. Add a provider like Hibernate Validator (RI) to your classpath.
[2m2026-06-28T20:12:59.242Z[0;39m [33m WARN[0;39m [35m74873[0;39m [2m--- [samabank-discovery] [           main] [0;39m[36miguration$LoadBalancerCaffeineWarnLogger[0;39m [2m:[0;39m Spring Cloud LoadBalancer is currently working with the default cache. While this cache implementation is useful for development and tests, it's recommended to use Caffeine cache in production.You can switch to using Caffeine cache, by adding it and org.springframework.cache.caffeine.CaffeineCacheManager to the classpath.
[2m2026-06-28T20:12:59.271Z[0;39m [32m INFO[0;39m [35m74873[0;39m [2m--- [samabank-discovery] [           main] [0;39m[36mo.s.c.n.eureka.InstanceInfoFactory      [0;39m [2m:[0;39m Setting initial instance status as: STARTING
[2m2026-06-28T20:12:59.300Z[0;39m [32m INFO[0;39m [35m74873[0;39m [2m--- [samabank-discovery] [           main] [0;39m[36mcom.netflix.discovery.DiscoveryClient   [0;39m [2m:[0;39m Initializing Eureka in region us-east-1
[2m2026-06-28T20:12:59.300Z[0;39m [32m INFO[0;39m [35m74873[0;39m [2m--- [samabank-discovery] [           main] [0;39m[36mcom.netflix.discovery.DiscoveryClient   [0;39m [2m:[0;39m Client configured to neither register nor query for data.
[2m2026-06-28T20:12:59.302Z[0;39m [32m INFO[0;39m [35m74873[0;39m [2m--- [samabank-discovery] [           main] [0;39m[36mcom.netflix.discovery.DiscoveryClient   [0;39m [2m:[0;39m Discovery Client initialized at timestamp 1782677579301 with initial instances count: 0
[2m2026-06-28T20:12:59.355Z[0;39m [32m INFO[0;39m [35m74873[0;39m [2m--- [samabank-discovery] [           main] [0;39m[36mc.n.eureka.DefaultEurekaServerContext   [0;39m [2m:[0;39m Initializing ...
[2m2026-06-28T20:12:59.358Z[0;39m [32m INFO[0;39m [35m74873[0;39m [2m--- [samabank-discovery] [           main] [0;39m[36mc.n.eureka.cluster.PeerEurekaNodes      [0;39m [2m:[0;39m Adding new peer nodes [http://localhost:8761/eureka/]
[2m2026-06-28T20:12:59.519Z[0;39m [32m INFO[0;39m [35m74873[0;39m [2m--- [samabank-discovery] [           main] [0;39m[36mc.n.d.provider.DiscoveryJerseyProvider  [0;39m [2m:[0;39m Using JSON encoding codec LegacyJacksonJson
[2m2026-06-28T20:12:59.519Z[0;39m [32m INFO[0;39m [35m74873[0;39m [2m--- [samabank-discovery] [           main] [0;39m[36mc.n.d.provider.DiscoveryJerseyProvider  [0;39m [2m:[0;39m Using JSON decoding codec LegacyJacksonJson
[2m2026-06-28T20:12:59.519Z[0;39m [32m INFO[0;39m [35m74873[0;39m [2m--- [samabank-discovery] [           main] [0;39m[36mc.n.d.provider.DiscoveryJerseyProvider  [0;39m [2m:[0;39m Using XML encoding codec XStreamXml
[2m2026-06-28T20:12:59.519Z[0;39m [32m INFO[0;39m [35m74873[0;39m [2m--- [samabank-discovery] [           main] [0;39m[36mc.n.d.provider.DiscoveryJerseyProvider  [0;39m [2m:[0;39m Using XML decoding codec XStreamXml
[2m2026-06-28T20:12:59.553Z[0;39m [32m INFO[0;39m [35m74873[0;39m [2m--- [samabank-discovery] [           main] [0;39m[36mc.n.eureka.cluster.PeerEurekaNodes      [0;39m [2m:[0;39m Replica node URL:  http://localhost:8761/eureka/
[2m2026-06-28T20:12:59.562Z[0;39m [32m INFO[0;39m [35m74873[0;39m [2m--- [samabank-discovery] [           main] [0;39m[36mc.n.e.registry.AbstractInstanceRegistry [0;39m [2m:[0;39m Finished initializing remote region registries. All known remote regions: []
[2m2026-06-28T20:12:59.562Z[0;39m [32m INFO[0;39m [35m74873[0;39m [2m--- [samabank-discovery] [           main] [0;39m[36mc.n.eureka.DefaultEurekaServerContext   [0;39m [2m:[0;39m Initialized
[2m2026-06-28T20:12:59.575Z[0;39m [32m INFO[0;39m [35m74873[0;39m [2m--- [samabank-discovery] [           main] [0;39m[36mo.s.b.a.e.web.EndpointLinksResolver     [0;39m [2m:[0;39m Exposing 1 endpoint beneath base path '/actuator'
[2m2026-06-28T20:12:59.623Z[0;39m [32m INFO[0;39m [35m74873[0;39m [2m--- [samabank-discovery] [           main] [0;39m[36mo.s.c.n.e.s.EurekaServiceRegistry       [0;39m [2m:[0;39m Registering application SAMABANK-DISCOVERY with eureka with status UP
[2m2026-06-28T20:12:59.637Z[0;39m [32m INFO[0;39m [35m74873[0;39m [2m--- [samabank-discovery] [       Thread-9] [0;39m[36mo.s.c.n.e.server.EurekaServerBootstrap  [0;39m [2m:[0;39m isAws returned false
[2m2026-06-28T20:12:59.638Z[0;39m [32m INFO[0;39m [35m74873[0;39m [2m--- [samabank-discovery] [       Thread-9] [0;39m[36mo.s.c.n.e.server.EurekaServerBootstrap  [0;39m [2m:[0;39m Initialized server context
[2m2026-06-28T20:12:59.638Z[0;39m [32m INFO[0;39m [35m74873[0;39m [2m--- [samabank-discovery] [       Thread-9] [0;39m[36mc.n.e.r.PeerAwareInstanceRegistryImpl   [0;39m [2m:[0;39m Got 1 instances from neighboring DS node
[2m2026-06-28T20:12:59.638Z[0;39m [32m INFO[0;39m [35m74873[0;39m [2m--- [samabank-discovery] [       Thread-9] [0;39m[36mc.n.e.r.PeerAwareInstanceRegistryImpl   [0;39m [2m:[0;39m Renew threshold is: 1
[2m2026-06-28T20:12:59.638Z[0;39m [32m INFO[0;39m [35m74873[0;39m [2m--- [samabank-discovery] [       Thread-9] [0;39m[36mc.n.e.r.PeerAwareInstanceRegistryImpl   [0;39m [2m:[0;39m Changing status to UP
[2m2026-06-28T20:12:59.641Z[0;39m [32m INFO[0;39m [35m74873[0;39m [2m--- [samabank-discovery] [       Thread-9] [0;39m[36me.s.EurekaServerInitializerConfiguration[0;39m [2m:[0;39m Started Eureka Server
[2m2026-06-28T20:12:59.650Z[0;39m [32m INFO[0;39m [35m74873[0;39m [2m--- [samabank-discovery] [           main] [0;39m[36mo.s.b.w.embedded.tomcat.TomcatWebServer [0;39m [2m:[0;39m Tomcat started on port 8761 (http) with context path '/'
[2m2026-06-28T20:12:59.651Z[0;39m [32m INFO[0;39m [35m74873[0;39m [2m--- [samabank-discovery] [           main] [0;39m[36m.s.c.n.e.s.EurekaAutoServiceRegistration[0;39m [2m:[0;39m Updating port to 8761
[2m2026-06-28T20:12:59.689Z[0;39m [32m INFO[0;39m [35m74873[0;39m [2m--- [samabank-discovery] [           main] [0;39m[36ms.s.d.SamabankDiscoveryApplication      [0;39m [2m:[0;39m Started SamabankDiscoveryApplication in 5.656 seconds (process running for 6.448)
[2m2026-06-28T20:13:22.842Z[0;39m [32m INFO[0;39m [35m74873[0;39m [2m--- [samabank-discovery] [nio-8761-exec-2] [0;39m[36mo.a.c.c.C.[Tomcat].[localhost].[/]      [0;39m [2m:[0;39m Initializing Spring DispatcherServlet 'dispatcherServlet'
[2m2026-06-28T20:13:22.843Z[0;39m [32m INFO[0;39m [35m74873[0;39m [2m--- [samabank-discovery] [nio-8761-exec-2] [0;39m[36mo.s.web.servlet.DispatcherServlet       [0;39m [2m:[0;39m Initializing Servlet 'dispatcherServlet'
[2m2026-06-28T20:13:22.846Z[0;39m [32m INFO[0;39m [35m74873[0;39m [2m--- [samabank-discovery] [nio-8761-exec-2] [0;39m[36mo.s.web.servlet.DispatcherServlet       [0;39m [2m:[0;39m Completed initialization in 3 ms
[2m2026-06-28T20:13:23.252Z[0;39m [32m INFO[0;39m [35m74873[0;39m [2m--- [samabank-discovery] [nio-8761-exec-3] [0;39m[36mc.n.e.registry.AbstractInstanceRegistry [0;39m [2m:[0;39m Registered instance SAMABANK-AUTH-SERVICE/172.20.10.6:samabank-auth-service:8081 with status UP (replication=false)
[2m2026-06-28T20:13:23.942Z[0;39m [32m INFO[0;39m [35m74873[0;39m [2m--- [samabank-discovery] [nio-8761-exec-4] [0;39m[36mc.n.e.registry.AbstractInstanceRegistry [0;39m [2m:[0;39m Registered instance SAMABANK-AUTH-SERVICE/172.20.10.6:samabank-auth-service:8081 with status UP (replication=true)
[2m2026-06-28T20:13:40.450Z[0;39m [32m INFO[0;39m [35m74873[0;39m [2m--- [samabank-discovery] [nio-8761-exec-6] [0;39m[36mc.n.e.registry.AbstractInstanceRegistry [0;39m [2m:[0;39m Registered instance SAMABANK-CUSTOMER-SERVICE/172.20.10.6:samabank-customer-service:8082 with status UP (replication=false)
[2m2026-06-28T20:13:40.969Z[0;39m [32m INFO[0;39m [35m74873[0;39m [2m--- [samabank-discovery] [nio-8761-exec-7] [0;39m[36mc.n.e.registry.AbstractInstanceRegistry [0;39m [2m:[0;39m Registered instance SAMABANK-CUSTOMER-SERVICE/172.20.10.6:samabank-customer-service:8082 with status UP (replication=true)
[2m2026-06-28T20:13:57.327Z[0;39m [32m INFO[0;39m [35m74873[0;39m [2m--- [samabank-discovery] [nio-8761-exec-2] [0;39m[36mc.n.e.registry.AbstractInstanceRegistry [0;39m [2m:[0;39m Registered instance SAMABANK-ACCOUNT-SERVICE/172.20.10.6:samabank-account-service:8083 with status UP (replication=false)
[2m2026-06-28T20:13:57.846Z[0;39m [32m INFO[0;39m [35m74873[0;39m [2m--- [samabank-discovery] [nio-8761-exec-3] [0;39m[36mc.n.e.registry.AbstractInstanceRegistry [0;39m [2m:[0;39m Registered instance SAMABANK-ACCOUNT-SERVICE/172.20.10.6:samabank-account-service:8083 with status UP (replication=true)
[2m2026-06-28T20:13:59.639Z[0;39m [32m INFO[0;39m [35m74873[0;39m [2m--- [samabank-discovery] [a-EvictionTimer] [0;39m[36mc.n.e.registry.AbstractInstanceRegistry [0;39m [2m:[0;39m Running the evict task with compensationTime 0ms
[2m2026-06-28T20:14:15.178Z[0;39m [32m INFO[0;39m [35m74873[0;39m [2m--- [samabank-discovery] [nio-8761-exec-8] [0;39m[36mc.n.e.registry.AbstractInstanceRegistry [0;39m [2m:[0;39m Registered instance SAMABANK-TRANSACTION-SERVICE/172.20.10.6:samabank-transaction-service:8084 with status UP (replication=false)
[2m2026-06-28T20:14:15.697Z[0;39m [32m INFO[0;39m [35m74873[0;39m [2m--- [samabank-discovery] [nio-8761-exec-9] [0;39m[36mc.n.e.registry.AbstractInstanceRegistry [0;39m [2m:[0;39m Registered instance SAMABANK-TRANSACTION-SERVICE/172.20.10.6:samabank-transaction-service:8084 with status UP (replication=true)
[2m2026-06-28T20:14:30.827Z[0;39m [32m INFO[0;39m [35m74873[0;39m [2m--- [samabank-discovery] [nio-8761-exec-7] [0;39m[36mc.n.e.registry.AbstractInstanceRegistry [0;39m [2m:[0;39m Registered instance SAMABANK-AUDIT-SERVICE/172.20.10.6:samabank-audit-service:8085 with status UP (replication=false)
[2m2026-06-28T20:14:31.344Z[0;39m [32m INFO[0;39m [35m74873[0;39m [2m--- [samabank-discovery] [nio-8761-exec-8] [0;39m[36mc.n.e.registry.AbstractInstanceRegistry [0;39m [2m:[0;39m Registered instance SAMABANK-AUDIT-SERVICE/172.20.10.6:samabank-audit-service:8085 with status UP (replication=true)
[2m2026-06-28T20:14:46.920Z[0;39m [32m INFO[0;39m [35m74873[0;39m [2m--- [samabank-discovery] [nio-8761-exec-6] [0;39m[36mc.n.e.registry.AbstractInstanceRegistry [0;39m [2m:[0;39m Registered instance SAMABANK-NOTIFICATION-SERVICE/172.20.10.6:samabank-notification-service:8086 with status UP (replication=false)
[2m2026-06-28T20:14:47.424Z[0;39m [32m INFO[0;39m [35m74873[0;39m [2m--- [samabank-discovery] [nio-8761-exec-7] [0;39m[36mc.n.e.registry.AbstractInstanceRegistry [0;39m [2m:[0;39m Registered instance SAMABANK-NOTIFICATION-SERVICE/172.20.10.6:samabank-notification-service:8086 with status UP (replication=true)
[2m2026-06-28T20:14:59.640Z[0;39m [32m INFO[0;39m [35m74873[0;39m [2m--- [samabank-discovery] [a-EvictionTimer] [0;39m[36mc.n.e.registry.AbstractInstanceRegistry [0;39m [2m:[0;39m Running the evict task with compensationTime 0ms
[2m2026-06-28T20:15:01.086Z[0;39m [32m INFO[0;39m [35m74873[0;39m [2m--- [samabank-discovery] [nio-8761-exec-7] [0;39m[36mc.n.e.registry.AbstractInstanceRegistry [0;39m [2m:[0;39m Registered instance SAMABANK-STATS-SERVICE/172.20.10.6:samabank-stats-service:8087 with status UP (replication=false)
[2m2026-06-28T20:15:01.295Z[0;39m [32m INFO[0;39m [35m74873[0;39m [2m--- [samabank-discovery] [nio-8761-exec-8] [0;39m[36mc.n.e.registry.AbstractInstanceRegistry [0;39m [2m:[0;39m Registered instance SAMABANK-STATS-SERVICE/172.20.10.6:samabank-stats-service:8087 with status UP (replication=true)
[2m2026-06-28T20:15:13.064Z[0;39m [32m INFO[0;39m [35m74873[0;39m [2m--- [samabank-discovery] [nio-8761-exec-3] [0;39m[36mc.n.e.registry.AbstractInstanceRegistry [0;39m [2m:[0;39m Registered instance SAMABANK-GATEWAY/172.20.10.6:samabank-gateway:8080 with status UP (replication=false)
[2m2026-06-28T20:15:13.581Z[0;39m [32m INFO[0;39m [35m74873[0;39m [2m--- [samabank-discovery] [nio-8761-exec-4] [0;39m[36mc.n.e.registry.AbstractInstanceRegistry [0;39m [2m:[0;39m Registered instance SAMABANK-GATEWAY/172.20.10.6:samabank-gateway:8080 with status UP (replication=true)
[2m2026-06-28T20:15:59.640Z[0;39m [32m INFO[0;39m [35m74873[0;39m [2m--- [samabank-discovery] [a-EvictionTimer] [0;39m[36mc.n.e.registry.AbstractInstanceRegistry [0;39m [2m:[0;39m Running the evict task with compensationTime 0ms
[2m2026-06-28T20:16:59.640Z[0;39m [32m INFO[0;39m [35m74873[0;39m [2m--- [samabank-discovery] [a-EvictionTimer] [0;39m[36mc.n.e.registry.AbstractInstanceRegistry [0;39m [2m:[0;39m Running the evict task with compensationTime 0ms
[2m2026-06-28T20:17:59.640Z[0;39m [32m INFO[0;39m [35m74873[0;39m [2m--- [samabank-discovery] [a-EvictionTimer] [0;39m[36mc.n.e.registry.AbstractInstanceRegistry [0;39m [2m:[0;39m Running the evict task with compensationTime 0ms
[2m2026-06-28T20:18:59.641Z[0;39m [32m INFO[0;39m [35m74873[0;39m [2m--- [samabank-discovery] [a-EvictionTimer] [0;39m[36mc.n.e.registry.AbstractInstanceRegistry [0;39m [2m:[0;39m Running the evict task with compensationTime 0ms
[2m2026-06-28T20:19:59.640Z[0;39m [32m INFO[0;39m [35m74873[0;39m [2m--- [samabank-discovery] [a-EvictionTimer] [0;39m[36mc.n.e.registry.AbstractInstanceRegistry [0;39m [2m:[0;39m Running the evict task with compensationTime 0ms
