
  .   ____          _            __ _ _
 /\\ / ___'_ __ _ _(_)_ __  __ _ \ \ \ \
( ( )\___ | '_ | '_| | '_ \/ _` | \ \ \ \
 \\/  ___)| |_)| | | | | || (_| |  ) ) ) )
  '  |____| .__|_| |_|_| |_\__, | / / / /
 =========|_|==============|___/=/_/_/_/

[32m :: Spring Boot :: [39m              [2m (v3.4.1)[0;39m

[2m2026-06-28T20:13:12.636Z[0;39m [32m INFO[0;39m [35m75081[0;39m [2m--- [samabank-auth-service] [           main] [0;39m[36ms.samabank.auth.SamabankAuthApplication [0;39m [2m:[0;39m Starting SamabankAuthApplication v0.0.1-SNAPSHOT using Java 25.0.2 with PID 75081 (/home/falilou/Bureau/EXAM_DEV_FULLSTACK/backend/samabank-auth-service/target/samabank-auth-service-0.0.1-SNAPSHOT.jar started by falilou in /home/falilou/Bureau/EXAM_DEV_FULLSTACK)
[2m2026-06-28T20:13:12.639Z[0;39m [32mDEBUG[0;39m [35m75081[0;39m [2m--- [samabank-auth-service] [           main] [0;39m[36ms.samabank.auth.SamabankAuthApplication [0;39m [2m:[0;39m Running with Spring Boot v3.4.1, Spring v6.2.1
[2m2026-06-28T20:13:12.640Z[0;39m [32m INFO[0;39m [35m75081[0;39m [2m--- [samabank-auth-service] [           main] [0;39m[36ms.samabank.auth.SamabankAuthApplication [0;39m [2m:[0;39m No active profile set, falling back to 1 default profile: "default"
[2m2026-06-28T20:13:14.362Z[0;39m [32m INFO[0;39m [35m75081[0;39m [2m--- [samabank-auth-service] [           main] [0;39m[36m.s.d.r.c.RepositoryConfigurationDelegate[0;39m [2m:[0;39m Bootstrapping Spring Data JPA repositories in DEFAULT mode.
[2m2026-06-28T20:13:14.544Z[0;39m [32m INFO[0;39m [35m75081[0;39m [2m--- [samabank-auth-service] [           main] [0;39m[36m.s.d.r.c.RepositoryConfigurationDelegate[0;39m [2m:[0;39m Finished Spring Data repository scanning in 168 ms. Found 3 JPA repository interfaces.
[2m2026-06-28T20:13:14.902Z[0;39m [32m INFO[0;39m [35m75081[0;39m [2m--- [samabank-auth-service] [           main] [0;39m[36mo.s.cloud.context.scope.GenericScope    [0;39m [2m:[0;39m BeanFactory id=dbd1edd1-a8b6-31d1-90ad-a401a9e6a468
WARNING: A restricted method in java.lang.System has been called
WARNING: java.lang.System::load has been called by org.apache.tomcat.jni.Library in an unnamed module (jar:nested:/home/falilou/Bureau/EXAM_DEV_FULLSTACK/backend/samabank-auth-service/target/samabank-auth-service-0.0.1-SNAPSHOT.jar/!BOOT-INF/lib/tomcat-embed-core-10.1.34.jar!/)
WARNING: Use --enable-native-access=ALL-UNNAMED to avoid a warning for callers in this module
WARNING: Restricted methods will be blocked in a future release unless native access is enabled

[2m2026-06-28T20:13:15.730Z[0;39m [32m INFO[0;39m [35m75081[0;39m [2m--- [samabank-auth-service] [           main] [0;39m[36mo.s.b.w.embedded.tomcat.TomcatWebServer [0;39m [2m:[0;39m Tomcat initialized with port 8081 (http)
[2m2026-06-28T20:13:15.747Z[0;39m [32m INFO[0;39m [35m75081[0;39m [2m--- [samabank-auth-service] [           main] [0;39m[36mo.apache.catalina.core.StandardService  [0;39m [2m:[0;39m Starting service [Tomcat]
[2m2026-06-28T20:13:15.747Z[0;39m [32m INFO[0;39m [35m75081[0;39m [2m--- [samabank-auth-service] [           main] [0;39m[36mo.apache.catalina.core.StandardEngine   [0;39m [2m:[0;39m Starting Servlet engine: [Apache Tomcat/10.1.34]
[2m2026-06-28T20:13:15.800Z[0;39m [32m INFO[0;39m [35m75081[0;39m [2m--- [samabank-auth-service] [           main] [0;39m[36mo.a.c.c.C.[Tomcat].[localhost].[/]      [0;39m [2m:[0;39m Initializing Spring embedded WebApplicationContext
[2m2026-06-28T20:13:15.801Z[0;39m [32m INFO[0;39m [35m75081[0;39m [2m--- [samabank-auth-service] [           main] [0;39m[36mw.s.c.ServletWebServerApplicationContext[0;39m [2m:[0;39m Root WebApplicationContext: initialization completed in 3060 ms
[2m2026-06-28T20:13:16.202Z[0;39m [32m INFO[0;39m [35m75081[0;39m [2m--- [samabank-auth-service] [           main] [0;39m[36mo.hibernate.jpa.internal.util.LogHelper [0;39m [2m:[0;39m HHH000204: Processing PersistenceUnitInfo [name: default]
[2m2026-06-28T20:13:16.259Z[0;39m [32m INFO[0;39m [35m75081[0;39m [2m--- [samabank-auth-service] [           main] [0;39m[36morg.hibernate.Version                   [0;39m [2m:[0;39m HHH000412: Hibernate ORM core version 6.6.4.Final
[2m2026-06-28T20:13:16.295Z[0;39m [32m INFO[0;39m [35m75081[0;39m [2m--- [samabank-auth-service] [           main] [0;39m[36mo.h.c.internal.RegionFactoryInitiator   [0;39m [2m:[0;39m HHH000026: Second-level cache disabled
[2m2026-06-28T20:13:16.546Z[0;39m [32m INFO[0;39m [35m75081[0;39m [2m--- [samabank-auth-service] [           main] [0;39m[36mo.s.o.j.p.SpringPersistenceUnitInfo     [0;39m [2m:[0;39m No LoadTimeWeaver setup: ignoring JPA class transformer
[2m2026-06-28T20:13:16.585Z[0;39m [32m INFO[0;39m [35m75081[0;39m [2m--- [samabank-auth-service] [           main] [0;39m[36mcom.zaxxer.hikari.HikariDataSource      [0;39m [2m:[0;39m HikariPool-1 - Starting...
[2m2026-06-28T20:13:16.780Z[0;39m [32m INFO[0;39m [35m75081[0;39m [2m--- [samabank-auth-service] [           main] [0;39m[36mcom.zaxxer.hikari.pool.HikariPool       [0;39m [2m:[0;39m HikariPool-1 - Added connection org.postgresql.jdbc.PgConnection@19f99aaf
[2m2026-06-28T20:13:16.782Z[0;39m [32m INFO[0;39m [35m75081[0;39m [2m--- [samabank-auth-service] [           main] [0;39m[36mcom.zaxxer.hikari.HikariDataSource      [0;39m [2m:[0;39m HikariPool-1 - Start completed.
[2m2026-06-28T20:13:16.828Z[0;39m [33m WARN[0;39m [35m75081[0;39m [2m--- [samabank-auth-service] [           main] [0;39m[36morg.hibernate.orm.deprecation           [0;39m [2m:[0;39m HHH90000025: PostgreSQLDialect does not need to be specified explicitly using 'hibernate.dialect' (remove the property setting and it will be selected by default)
[2m2026-06-28T20:13:16.851Z[0;39m [32m INFO[0;39m [35m75081[0;39m [2m--- [samabank-auth-service] [           main] [0;39m[36morg.hibernate.orm.connections.pooling   [0;39m [2m:[0;39m HHH10001005: Database info:
	Database JDBC URL [Connecting through datasource 'HikariDataSource (HikariPool-1)']
	Database driver: undefined/unknown
	Database version: 16.14
	Autocommit mode: undefined/unknown
	Isolation level: undefined/unknown
	Minimum pool size: undefined/unknown
	Maximum pool size: undefined/unknown
[2m2026-06-28T20:13:17.786Z[0;39m [32m INFO[0;39m [35m75081[0;39m [2m--- [samabank-auth-service] [           main] [0;39m[36mo.h.e.t.j.p.i.JtaPlatformInitiator      [0;39m [2m:[0;39m HHH000489: No JTA platform available (set 'hibernate.transaction.jta.platform' to enable JTA platform integration)
[2m2026-06-28T20:13:17.904Z[0;39m [32m INFO[0;39m [35m75081[0;39m [2m--- [samabank-auth-service] [           main] [0;39m[36mj.LocalContainerEntityManagerFactoryBean[0;39m [2m:[0;39m Initialized JPA EntityManagerFactory for persistence unit 'default'
[2m2026-06-28T20:13:18.255Z[0;39m [32m INFO[0;39m [35m75081[0;39m [2m--- [samabank-auth-service] [           main] [0;39m[36mo.s.d.j.r.query.QueryEnhancerFactory    [0;39m [2m:[0;39m Hibernate is in classpath; If applicable, HQL parser will be used.
[2m2026-06-28T20:13:19.565Z[0;39m [32mDEBUG[0;39m [35m75081[0;39m [2m--- [samabank-auth-service] [           main] [0;39m[36ms.s.a.security.JwtAuthenticationFilter  [0;39m [2m:[0;39m Filter 'jwtAuthenticationFilter' configured for use
[2m2026-06-28T20:13:19.565Z[0;39m [32mDEBUG[0;39m [35m75081[0;39m [2m--- [samabank-auth-service] [           main] [0;39m[36ms.s.auth.shared.CorrelationIdFilter     [0;39m [2m:[0;39m Filter 'correlationIdFilter' configured for use
[2m2026-06-28T20:13:19.567Z[0;39m [32mDEBUG[0;39m [35m75081[0;39m [2m--- [samabank-auth-service] [           main] [0;39m[36ms.s.a.s.PasswordChangeRequiredFilter    [0;39m [2m:[0;39m Filter 'passwordChangeRequiredFilter' configured for use
[2m2026-06-28T20:13:19.900Z[0;39m [33m WARN[0;39m [35m75081[0;39m [2m--- [samabank-auth-service] [           main] [0;39m[36mJpaBaseConfiguration$JpaWebConfiguration[0;39m [2m:[0;39m spring.jpa.open-in-view is enabled by default. Therefore, database queries may be performed during view rendering. Explicitly configure spring.jpa.open-in-view to disable this warning
[2m2026-06-28T20:13:20.097Z[0;39m [32m INFO[0;39m [35m75081[0;39m [2m--- [samabank-auth-service] [           main] [0;39m[36mo.s.c.openfeign.FeignClientFactoryBean  [0;39m [2m:[0;39m For 'samabank-audit-service' URL not provided. Will try picking an instance via load-balancing.
[2m2026-06-28T20:13:20.207Z[0;39m [32m INFO[0;39m [35m75081[0;39m [2m--- [samabank-auth-service] [           main] [0;39m[36mo.s.c.openfeign.FeignClientFactoryBean  [0;39m [2m:[0;39m For 'samabank-notification-service' URL not provided. Will try picking an instance via load-balancing.
[2m2026-06-28T20:13:20.352Z[0;39m [33m WARN[0;39m [35m75081[0;39m [2m--- [samabank-auth-service] [           main] [0;39m[36m.s.s.UserDetailsServiceAutoConfiguration[0;39m [2m:[0;39m 

Using generated security password: 46c55bf2-c949-4483-8fff-375859f6930a

This generated password is for development use only. Your security configuration must be updated before running your application in production.

[2m2026-06-28T20:13:20.360Z[0;39m [32m INFO[0;39m [35m75081[0;39m [2m--- [samabank-auth-service] [           main] [0;39m[36mr$InitializeUserDetailsManagerConfigurer[0;39m [2m:[0;39m Global AuthenticationManager configured with UserDetailsService bean with name inMemoryUserDetailsManager
[2m2026-06-28T20:13:21.054Z[0;39m [32m INFO[0;39m [35m75081[0;39m [2m--- [samabank-auth-service] [           main] [0;39m[36mo.s.b.a.e.web.EndpointLinksResolver     [0;39m [2m:[0;39m Exposing 2 endpoints beneath base path '/actuator'
[2m2026-06-28T20:13:22.075Z[0;39m [32m INFO[0;39m [35m75081[0;39m [2m--- [samabank-auth-service] [           main] [0;39m[36mDiscoveryClientOptionalArgsConfiguration[0;39m [2m:[0;39m Eureka HTTP Client uses RestTemplate.
[2m2026-06-28T20:13:22.129Z[0;39m [33m WARN[0;39m [35m75081[0;39m [2m--- [samabank-auth-service] [           main] [0;39m[36miguration$LoadBalancerCaffeineWarnLogger[0;39m [2m:[0;39m Spring Cloud LoadBalancer is currently working with the default cache. While this cache implementation is useful for development and tests, it's recommended to use Caffeine cache in production.You can switch to using Caffeine cache, by adding it and org.springframework.cache.caffeine.CaffeineCacheManager to the classpath.
[2m2026-06-28T20:13:22.213Z[0;39m [32m INFO[0;39m [35m75081[0;39m [2m--- [samabank-auth-service] [           main] [0;39m[36mo.s.c.n.eureka.InstanceInfoFactory      [0;39m [2m:[0;39m Setting initial instance status as: STARTING
[2m2026-06-28T20:13:22.247Z[0;39m [32m INFO[0;39m [35m75081[0;39m [2m--- [samabank-auth-service] [           main] [0;39m[36mcom.netflix.discovery.DiscoveryClient   [0;39m [2m:[0;39m Initializing Eureka in region us-east-1
[2m2026-06-28T20:13:22.253Z[0;39m [32m INFO[0;39m [35m75081[0;39m [2m--- [samabank-auth-service] [           main] [0;39m[36mc.n.d.s.r.aws.ConfigClusterResolver     [0;39m [2m:[0;39m Resolving eureka endpoints via configuration
[2m2026-06-28T20:13:22.267Z[0;39m [32m INFO[0;39m [35m75081[0;39m [2m--- [samabank-auth-service] [           main] [0;39m[36mcom.netflix.discovery.DiscoveryClient   [0;39m [2m:[0;39m Disable delta property : false
[2m2026-06-28T20:13:22.268Z[0;39m [32m INFO[0;39m [35m75081[0;39m [2m--- [samabank-auth-service] [           main] [0;39m[36mcom.netflix.discovery.DiscoveryClient   [0;39m [2m:[0;39m Single vip registry refresh property : null
[2m2026-06-28T20:13:22.268Z[0;39m [32m INFO[0;39m [35m75081[0;39m [2m--- [samabank-auth-service] [           main] [0;39m[36mcom.netflix.discovery.DiscoveryClient   [0;39m [2m:[0;39m Force full registry fetch : false
[2m2026-06-28T20:13:22.268Z[0;39m [32m INFO[0;39m [35m75081[0;39m [2m--- [samabank-auth-service] [           main] [0;39m[36mcom.netflix.discovery.DiscoveryClient   [0;39m [2m:[0;39m Application is null : false
[2m2026-06-28T20:13:22.268Z[0;39m [32m INFO[0;39m [35m75081[0;39m [2m--- [samabank-auth-service] [           main] [0;39m[36mcom.netflix.discovery.DiscoveryClient   [0;39m [2m:[0;39m Registered Applications size is zero : true
[2m2026-06-28T20:13:22.268Z[0;39m [32m INFO[0;39m [35m75081[0;39m [2m--- [samabank-auth-service] [           main] [0;39m[36mcom.netflix.discovery.DiscoveryClient   [0;39m [2m:[0;39m Application version is -1: true
[2m2026-06-28T20:13:22.268Z[0;39m [32m INFO[0;39m [35m75081[0;39m [2m--- [samabank-auth-service] [           main] [0;39m[36mcom.netflix.discovery.DiscoveryClient   [0;39m [2m:[0;39m Getting all instance registry info from the eureka server
[2m2026-06-28T20:13:23.005Z[0;39m [32m INFO[0;39m [35m75081[0;39m [2m--- [samabank-auth-service] [           main] [0;39m[36mcom.netflix.discovery.DiscoveryClient   [0;39m [2m:[0;39m The response status is 200
[2m2026-06-28T20:13:23.007Z[0;39m [32m INFO[0;39m [35m75081[0;39m [2m--- [samabank-auth-service] [           main] [0;39m[36mcom.netflix.discovery.DiscoveryClient   [0;39m [2m:[0;39m Starting heartbeat executor: renew interval is: 30
[2m2026-06-28T20:13:23.009Z[0;39m [32m INFO[0;39m [35m75081[0;39m [2m--- [samabank-auth-service] [           main] [0;39m[36mc.n.discovery.InstanceInfoReplicator    [0;39m [2m:[0;39m InstanceInfoReplicator onDemand update allowed rate per min is 4
[2m2026-06-28T20:13:23.011Z[0;39m [32m INFO[0;39m [35m75081[0;39m [2m--- [samabank-auth-service] [           main] [0;39m[36mcom.netflix.discovery.DiscoveryClient   [0;39m [2m:[0;39m Discovery Client initialized at timestamp 1782677603010 with initial instances count: 0
[2m2026-06-28T20:13:23.019Z[0;39m [32m INFO[0;39m [35m75081[0;39m [2m--- [samabank-auth-service] [           main] [0;39m[36mo.s.c.n.e.s.EurekaServiceRegistry       [0;39m [2m:[0;39m Registering application SAMABANK-AUTH-SERVICE with eureka with status UP
[2m2026-06-28T20:13:23.020Z[0;39m [32m INFO[0;39m [35m75081[0;39m [2m--- [samabank-auth-service] [           main] [0;39m[36mcom.netflix.discovery.DiscoveryClient   [0;39m [2m:[0;39m Saw local status change event StatusChangeEvent [timestamp=1782677603020, current=UP, previous=STARTING]
[2m2026-06-28T20:13:23.023Z[0;39m [32m INFO[0;39m [35m75081[0;39m [2m--- [samabank-auth-service] [foReplicator-%d] [0;39m[36mcom.netflix.discovery.DiscoveryClient   [0;39m [2m:[0;39m DiscoveryClient_SAMABANK-AUTH-SERVICE/172.20.10.6:samabank-auth-service:8081: registering service...
[2m2026-06-28T20:13:23.055Z[0;39m [32m INFO[0;39m [35m75081[0;39m [2m--- [samabank-auth-service] [           main] [0;39m[36mo.s.b.w.embedded.tomcat.TomcatWebServer [0;39m [2m:[0;39m Tomcat started on port 8081 (http) with context path '/'
[2m2026-06-28T20:13:23.056Z[0;39m [32m INFO[0;39m [35m75081[0;39m [2m--- [samabank-auth-service] [           main] [0;39m[36m.s.c.n.e.s.EurekaAutoServiceRegistration[0;39m [2m:[0;39m Updating port to 8081
[2m2026-06-28T20:13:23.111Z[0;39m [32m INFO[0;39m [35m75081[0;39m [2m--- [samabank-auth-service] [           main] [0;39m[36ms.samabank.auth.SamabankAuthApplication [0;39m [2m:[0;39m Started SamabankAuthApplication in 11.085 seconds (process running for 11.83)
[2m2026-06-28T20:13:23.258Z[0;39m [32m INFO[0;39m [35m75081[0;39m [2m--- [samabank-auth-service] [foReplicator-%d] [0;39m[36mcom.netflix.discovery.DiscoveryClient   [0;39m [2m:[0;39m DiscoveryClient_SAMABANK-AUTH-SERVICE/172.20.10.6:samabank-auth-service:8081 - registration status: 204
[2m2026-06-28T20:13:23.333Z[0;39m [32m INFO[0;39m [35m75081[0;39m [2m--- [samabank-auth-service] [           main] [0;39m[36msn.samabank.auth.config.DataSeeder      [0;39m [2m:[0;39m [SEED] Utilisateurs existants : 6
[2m2026-06-28T20:13:23.333Z[0;39m [32m INFO[0;39m [35m75081[0;39m [2m--- [samabank-auth-service] [           main] [0;39m[36msn.samabank.auth.config.DataSeeder      [0;39m [2m:[0;39m [SEED] Utilisateurs deja presents - ignore
[2m2026-06-28T20:13:53.007Z[0;39m [32m INFO[0;39m [35m75081[0;39m [2m--- [samabank-auth-service] [reshExecutor-%d] [0;39m[36mcom.netflix.discovery.DiscoveryClient   [0;39m [2m:[0;39m Disable delta property : false
[2m2026-06-28T20:13:53.007Z[0;39m [32m INFO[0;39m [35m75081[0;39m [2m--- [samabank-auth-service] [reshExecutor-%d] [0;39m[36mcom.netflix.discovery.DiscoveryClient   [0;39m [2m:[0;39m Single vip registry refresh property : null
[2m2026-06-28T20:13:53.007Z[0;39m [32m INFO[0;39m [35m75081[0;39m [2m--- [samabank-auth-service] [reshExecutor-%d] [0;39m[36mcom.netflix.discovery.DiscoveryClient   [0;39m [2m:[0;39m Force full registry fetch : false
[2m2026-06-28T20:13:53.007Z[0;39m [32m INFO[0;39m [35m75081[0;39m [2m--- [samabank-auth-service] [reshExecutor-%d] [0;39m[36mcom.netflix.discovery.DiscoveryClient   [0;39m [2m:[0;39m Application is null : false
[2m2026-06-28T20:13:53.007Z[0;39m [32m INFO[0;39m [35m75081[0;39m [2m--- [samabank-auth-service] [reshExecutor-%d] [0;39m[36mcom.netflix.discovery.DiscoveryClient   [0;39m [2m:[0;39m Registered Applications size is zero : true
[2m2026-06-28T20:13:53.007Z[0;39m [32m INFO[0;39m [35m75081[0;39m [2m--- [samabank-auth-service] [reshExecutor-%d] [0;39m[36mcom.netflix.discovery.DiscoveryClient   [0;39m [2m:[0;39m Application version is -1: false
[2m2026-06-28T20:13:53.008Z[0;39m [32m INFO[0;39m [35m75081[0;39m [2m--- [samabank-auth-service] [reshExecutor-%d] [0;39m[36mcom.netflix.discovery.DiscoveryClient   [0;39m [2m:[0;39m Getting all instance registry info from the eureka server
[2m2026-06-28T20:13:53.033Z[0;39m [32m INFO[0;39m [35m75081[0;39m [2m--- [samabank-auth-service] [reshExecutor-%d] [0;39m[36mcom.netflix.discovery.DiscoveryClient   [0;39m [2m:[0;39m The response status is 200
[2m2026-06-28T20:18:22.270Z[0;39m [32m INFO[0;39m [35m75081[0;39m [2m--- [samabank-auth-service] [rap-executor-%d] [0;39m[36mc.n.d.s.r.aws.ConfigClusterResolver     [0;39m [2m:[0;39m Resolving eureka endpoints via configuration
[2m2026-06-28T20:19:29.911Z[0;39m [32m INFO[0;39m [35m75081[0;39m [2m--- [samabank-auth-service] [nio-8081-exec-3] [0;39m[36mo.a.c.c.C.[Tomcat].[localhost].[/]      [0;39m [2m:[0;39m Initializing Spring DispatcherServlet 'dispatcherServlet'
[2m2026-06-28T20:19:29.912Z[0;39m [32m INFO[0;39m [35m75081[0;39m [2m--- [samabank-auth-service] [nio-8081-exec-3] [0;39m[36mo.s.web.servlet.DispatcherServlet       [0;39m [2m:[0;39m Initializing Servlet 'dispatcherServlet'
[2m2026-06-28T20:19:29.914Z[0;39m [32m INFO[0;39m [35m75081[0;39m [2m--- [samabank-auth-service] [nio-8081-exec-3] [0;39m[36mo.s.web.servlet.DispatcherServlet       [0;39m [2m:[0;39m Completed initialization in 2 ms
[2m2026-06-28T20:19:30.476Z[0;39m [32m INFO[0;39m [35m75081[0;39m [2m--- [samabank-auth-service] [nio-8081-exec-3] [0;39m[36msn.samabank.auth.service.AuthService    [0;39m [2m:[0;39m [AUTH] Native query updated 1 rows for user 6cf615bb-f804-43a0-ae95-d8f5d2a97e95
[2m2026-06-28T20:19:30.481Z[0;39m [33m WARN[0;39m [35m75081[0;39m [2m--- [samabank-auth-service] [nio-8081-exec-3] [0;39m[36msn.samabank.auth.service.AuthService    [0;39m [2m:[0;39m [AUTH] Login failed - wrong password: teller01 from IP: 0:0:0:0:0:0:0:1 (attempts: 2)
[2m2026-06-28T20:19:30.763Z[0;39m [33m WARN[0;39m [35m75081[0;39m [2m--- [samabank-auth-service] [nio-8081-exec-3] [0;39m[36ms.s.auth.shared.GlobalExceptionHandler  [0;39m [2m:[0;39m [BUSINESS] Identifiant ou mot de passe incorrect - correlationId: unknown
[2m2026-06-28T20:19:44.365Z[0;39m [32m INFO[0;39m [35m75081[0;39m [2m--- [samabank-auth-service] [nio-8081-exec-4] [0;39m[36msn.samabank.auth.service.AuthService    [0;39m [2m:[0;39m [AUTH] Native query updated 1 rows for user 15aef9cf-3580-43b4-9c04-c87ba2622490
[2m2026-06-28T20:19:44.369Z[0;39m [33m WARN[0;39m [35m75081[0;39m [2m--- [samabank-auth-service] [nio-8081-exec-4] [0;39m[36msn.samabank.auth.service.AuthService    [0;39m [2m:[0;39m [AUTH] Login failed - wrong password: admin from IP: 0:0:0:0:0:0:0:1 (attempts: 1)
[2m2026-06-28T20:19:44.387Z[0;39m [33m WARN[0;39m [35m75081[0;39m [2m--- [samabank-auth-service] [nio-8081-exec-4] [0;39m[36ms.s.auth.shared.GlobalExceptionHandler  [0;39m [2m:[0;39m [BUSINESS] Identifiant ou mot de passe incorrect - correlationId: unknown
