
  .   ____          _            __ _ _
 /\\ / ___'_ __ _ _(_)_ __  __ _ \ \ \ \
( ( )\___ | '_ | '_| | '_ \/ _` | \ \ \ \
 \\/  ___)| |_)| | | | | || (_| |  ) ) ) )
  '  |____| .__|_| |_|_| |_\__, | / / / /
 =========|_|==============|___/=/_/_/_/

[32m :: Spring Boot :: [39m              [2m (v3.4.1)[0;39m

[2m2026-06-28T20:15:09.058Z[0;39m [32m INFO[0;39m [35m76818[0;39m [2m--- [samabank-gateway] [           main] [0;39m[36ms.s.gateway.SamabankGatewayApplication  [0;39m [2m:[0;39m Starting SamabankGatewayApplication v0.0.1-SNAPSHOT using Java 25.0.2 with PID 76818 (/home/falilou/Bureau/EXAM_DEV_FULLSTACK/backend/samabank-gateway/target/samabank-gateway-0.0.1-SNAPSHOT.jar started by falilou in /home/falilou/Bureau/EXAM_DEV_FULLSTACK)
[2m2026-06-28T20:15:09.062Z[0;39m [32m INFO[0;39m [35m76818[0;39m [2m--- [samabank-gateway] [           main] [0;39m[36ms.s.gateway.SamabankGatewayApplication  [0;39m [2m:[0;39m No active profile set, falling back to 1 default profile: "default"
[2m2026-06-28T20:15:10.626Z[0;39m [32m INFO[0;39m [35m76818[0;39m [2m--- [samabank-gateway] [           main] [0;39m[36mo.s.cloud.context.scope.GenericScope    [0;39m [2m:[0;39m BeanFactory id=3f1e04e9-a7b0-353f-8593-871e5b5442b8
WARNING: A terminally deprecated method in sun.misc.Unsafe has been called
WARNING: sun.misc.Unsafe::allocateMemory has been called by io.netty.util.internal.PlatformDependent0$2 (jar:nested:/home/falilou/Bureau/EXAM_DEV_FULLSTACK/backend/samabank-gateway/target/samabank-gateway-0.0.1-SNAPSHOT.jar/!BOOT-INF/lib/netty-common-4.1.116.Final.jar!/)
WARNING: Please consider reporting this to the maintainers of class io.netty.util.internal.PlatformDependent0$2
WARNING: sun.misc.Unsafe::allocateMemory will be removed in a future release
[2m2026-06-28T20:15:11.765Z[0;39m [32m INFO[0;39m [35m76818[0;39m [2m--- [samabank-gateway] [           main] [0;39m[36mo.s.c.g.r.RouteDefinitionRouteLocator   [0;39m [2m:[0;39m Loaded RoutePredicateFactory [After]
[2m2026-06-28T20:15:11.766Z[0;39m [32m INFO[0;39m [35m76818[0;39m [2m--- [samabank-gateway] [           main] [0;39m[36mo.s.c.g.r.RouteDefinitionRouteLocator   [0;39m [2m:[0;39m Loaded RoutePredicateFactory [Before]
[2m2026-06-28T20:15:11.766Z[0;39m [32m INFO[0;39m [35m76818[0;39m [2m--- [samabank-gateway] [           main] [0;39m[36mo.s.c.g.r.RouteDefinitionRouteLocator   [0;39m [2m:[0;39m Loaded RoutePredicateFactory [Between]
[2m2026-06-28T20:15:11.766Z[0;39m [32m INFO[0;39m [35m76818[0;39m [2m--- [samabank-gateway] [           main] [0;39m[36mo.s.c.g.r.RouteDefinitionRouteLocator   [0;39m [2m:[0;39m Loaded RoutePredicateFactory [Cookie]
[2m2026-06-28T20:15:11.766Z[0;39m [32m INFO[0;39m [35m76818[0;39m [2m--- [samabank-gateway] [           main] [0;39m[36mo.s.c.g.r.RouteDefinitionRouteLocator   [0;39m [2m:[0;39m Loaded RoutePredicateFactory [Header]
[2m2026-06-28T20:15:11.766Z[0;39m [32m INFO[0;39m [35m76818[0;39m [2m--- [samabank-gateway] [           main] [0;39m[36mo.s.c.g.r.RouteDefinitionRouteLocator   [0;39m [2m:[0;39m Loaded RoutePredicateFactory [Host]
[2m2026-06-28T20:15:11.767Z[0;39m [32m INFO[0;39m [35m76818[0;39m [2m--- [samabank-gateway] [           main] [0;39m[36mo.s.c.g.r.RouteDefinitionRouteLocator   [0;39m [2m:[0;39m Loaded RoutePredicateFactory [Method]
[2m2026-06-28T20:15:11.767Z[0;39m [32m INFO[0;39m [35m76818[0;39m [2m--- [samabank-gateway] [           main] [0;39m[36mo.s.c.g.r.RouteDefinitionRouteLocator   [0;39m [2m:[0;39m Loaded RoutePredicateFactory [Path]
[2m2026-06-28T20:15:11.767Z[0;39m [32m INFO[0;39m [35m76818[0;39m [2m--- [samabank-gateway] [           main] [0;39m[36mo.s.c.g.r.RouteDefinitionRouteLocator   [0;39m [2m:[0;39m Loaded RoutePredicateFactory [Query]
[2m2026-06-28T20:15:11.767Z[0;39m [32m INFO[0;39m [35m76818[0;39m [2m--- [samabank-gateway] [           main] [0;39m[36mo.s.c.g.r.RouteDefinitionRouteLocator   [0;39m [2m:[0;39m Loaded RoutePredicateFactory [ReadBody]
[2m2026-06-28T20:15:11.767Z[0;39m [32m INFO[0;39m [35m76818[0;39m [2m--- [samabank-gateway] [           main] [0;39m[36mo.s.c.g.r.RouteDefinitionRouteLocator   [0;39m [2m:[0;39m Loaded RoutePredicateFactory [RemoteAddr]
[2m2026-06-28T20:15:11.767Z[0;39m [32m INFO[0;39m [35m76818[0;39m [2m--- [samabank-gateway] [           main] [0;39m[36mo.s.c.g.r.RouteDefinitionRouteLocator   [0;39m [2m:[0;39m Loaded RoutePredicateFactory [XForwardedRemoteAddr]
[2m2026-06-28T20:15:11.767Z[0;39m [32m INFO[0;39m [35m76818[0;39m [2m--- [samabank-gateway] [           main] [0;39m[36mo.s.c.g.r.RouteDefinitionRouteLocator   [0;39m [2m:[0;39m Loaded RoutePredicateFactory [Weight]
[2m2026-06-28T20:15:11.767Z[0;39m [32m INFO[0;39m [35m76818[0;39m [2m--- [samabank-gateway] [           main] [0;39m[36mo.s.c.g.r.RouteDefinitionRouteLocator   [0;39m [2m:[0;39m Loaded RoutePredicateFactory [CloudFoundryRouteService]
[2m2026-06-28T20:15:12.160Z[0;39m [32m INFO[0;39m [35m76818[0;39m [2m--- [samabank-gateway] [           main] [0;39m[36mo.s.b.a.e.web.EndpointLinksResolver     [0;39m [2m:[0;39m Exposing 2 endpoints beneath base path '/actuator'
[2m2026-06-28T20:15:12.463Z[0;39m [32m INFO[0;39m [35m76818[0;39m [2m--- [samabank-gateway] [           main] [0;39m[36mDiscoveryClientOptionalArgsConfiguration[0;39m [2m:[0;39m Eureka HTTP Client uses RestTemplate.
[2m2026-06-28T20:15:12.503Z[0;39m [33m WARN[0;39m [35m76818[0;39m [2m--- [samabank-gateway] [           main] [0;39m[36miguration$LoadBalancerCaffeineWarnLogger[0;39m [2m:[0;39m Spring Cloud LoadBalancer is currently working with the default cache. While this cache implementation is useful for development and tests, it's recommended to use Caffeine cache in production.You can switch to using Caffeine cache, by adding it and org.springframework.cache.caffeine.CaffeineCacheManager to the classpath.
[2m2026-06-28T20:15:12.561Z[0;39m [32m INFO[0;39m [35m76818[0;39m [2m--- [samabank-gateway] [           main] [0;39m[36mo.s.c.n.eureka.InstanceInfoFactory      [0;39m [2m:[0;39m Setting initial instance status as: STARTING
[2m2026-06-28T20:15:12.589Z[0;39m [32m INFO[0;39m [35m76818[0;39m [2m--- [samabank-gateway] [           main] [0;39m[36mcom.netflix.discovery.DiscoveryClient   [0;39m [2m:[0;39m Initializing Eureka in region us-east-1
[2m2026-06-28T20:15:12.594Z[0;39m [32m INFO[0;39m [35m76818[0;39m [2m--- [samabank-gateway] [           main] [0;39m[36mc.n.d.s.r.aws.ConfigClusterResolver     [0;39m [2m:[0;39m Resolving eureka endpoints via configuration
[2m2026-06-28T20:15:12.605Z[0;39m [32m INFO[0;39m [35m76818[0;39m [2m--- [samabank-gateway] [           main] [0;39m[36mcom.netflix.discovery.DiscoveryClient   [0;39m [2m:[0;39m Disable delta property : false
[2m2026-06-28T20:15:12.605Z[0;39m [32m INFO[0;39m [35m76818[0;39m [2m--- [samabank-gateway] [           main] [0;39m[36mcom.netflix.discovery.DiscoveryClient   [0;39m [2m:[0;39m Single vip registry refresh property : null
[2m2026-06-28T20:15:12.605Z[0;39m [32m INFO[0;39m [35m76818[0;39m [2m--- [samabank-gateway] [           main] [0;39m[36mcom.netflix.discovery.DiscoveryClient   [0;39m [2m:[0;39m Force full registry fetch : false
[2m2026-06-28T20:15:12.605Z[0;39m [32m INFO[0;39m [35m76818[0;39m [2m--- [samabank-gateway] [           main] [0;39m[36mcom.netflix.discovery.DiscoveryClient   [0;39m [2m:[0;39m Application is null : false
[2m2026-06-28T20:15:12.605Z[0;39m [32m INFO[0;39m [35m76818[0;39m [2m--- [samabank-gateway] [           main] [0;39m[36mcom.netflix.discovery.DiscoveryClient   [0;39m [2m:[0;39m Registered Applications size is zero : true
[2m2026-06-28T20:15:12.605Z[0;39m [32m INFO[0;39m [35m76818[0;39m [2m--- [samabank-gateway] [           main] [0;39m[36mcom.netflix.discovery.DiscoveryClient   [0;39m [2m:[0;39m Application version is -1: true
[2m2026-06-28T20:15:12.605Z[0;39m [32m INFO[0;39m [35m76818[0;39m [2m--- [samabank-gateway] [           main] [0;39m[36mcom.netflix.discovery.DiscoveryClient   [0;39m [2m:[0;39m Getting all instance registry info from the eureka server
[2m2026-06-28T20:15:13.019Z[0;39m [32m INFO[0;39m [35m76818[0;39m [2m--- [samabank-gateway] [           main] [0;39m[36mcom.netflix.discovery.DiscoveryClient   [0;39m [2m:[0;39m The response status is 200
[2m2026-06-28T20:15:13.021Z[0;39m [32m INFO[0;39m [35m76818[0;39m [2m--- [samabank-gateway] [           main] [0;39m[36mcom.netflix.discovery.DiscoveryClient   [0;39m [2m:[0;39m Starting heartbeat executor: renew interval is: 30
[2m2026-06-28T20:15:13.023Z[0;39m [32m INFO[0;39m [35m76818[0;39m [2m--- [samabank-gateway] [           main] [0;39m[36mc.n.discovery.InstanceInfoReplicator    [0;39m [2m:[0;39m InstanceInfoReplicator onDemand update allowed rate per min is 4
[2m2026-06-28T20:15:13.025Z[0;39m [32m INFO[0;39m [35m76818[0;39m [2m--- [samabank-gateway] [           main] [0;39m[36mcom.netflix.discovery.DiscoveryClient   [0;39m [2m:[0;39m Discovery Client initialized at timestamp 1782677713024 with initial instances count: 6
[2m2026-06-28T20:15:13.029Z[0;39m [32m INFO[0;39m [35m76818[0;39m [2m--- [samabank-gateway] [           main] [0;39m[36mo.s.c.n.e.s.EurekaServiceRegistry       [0;39m [2m:[0;39m Registering application SAMABANK-GATEWAY with eureka with status UP
[2m2026-06-28T20:15:13.029Z[0;39m [32m INFO[0;39m [35m76818[0;39m [2m--- [samabank-gateway] [           main] [0;39m[36mcom.netflix.discovery.DiscoveryClient   [0;39m [2m:[0;39m Saw local status change event StatusChangeEvent [timestamp=1782677713029, current=UP, previous=STARTING]
[2m2026-06-28T20:15:13.031Z[0;39m [32m INFO[0;39m [35m76818[0;39m [2m--- [samabank-gateway] [foReplicator-%d] [0;39m[36mcom.netflix.discovery.DiscoveryClient   [0;39m [2m:[0;39m DiscoveryClient_SAMABANK-GATEWAY/172.20.10.6:samabank-gateway:8080: registering service...
[2m2026-06-28T20:15:13.066Z[0;39m [32m INFO[0;39m [35m76818[0;39m [2m--- [samabank-gateway] [foReplicator-%d] [0;39m[36mcom.netflix.discovery.DiscoveryClient   [0;39m [2m:[0;39m DiscoveryClient_SAMABANK-GATEWAY/172.20.10.6:samabank-gateway:8080 - registration status: 204
WARNING: A restricted method in java.lang.System has been called
WARNING: java.lang.System::loadLibrary has been called by io.netty.util.internal.NativeLibraryUtil in an unnamed module (jar:nested:/home/falilou/Bureau/EXAM_DEV_FULLSTACK/backend/samabank-gateway/target/samabank-gateway-0.0.1-SNAPSHOT.jar/!BOOT-INF/lib/netty-common-4.1.116.Final.jar!/)
WARNING: Use --enable-native-access=ALL-UNNAMED to avoid a warning for callers in this module
WARNING: Restricted methods will be blocked in a future release unless native access is enabled

[2m2026-06-28T20:15:13.185Z[0;39m [32m INFO[0;39m [35m76818[0;39m [2m--- [samabank-gateway] [           main] [0;39m[36mo.s.b.web.embedded.netty.NettyWebServer [0;39m [2m:[0;39m Netty started on port 8080 (http)
[2m2026-06-28T20:15:13.186Z[0;39m [32m INFO[0;39m [35m76818[0;39m [2m--- [samabank-gateway] [           main] [0;39m[36m.s.c.n.e.s.EurekaAutoServiceRegistration[0;39m [2m:[0;39m Updating port to 8080
[2m2026-06-28T20:15:13.251Z[0;39m [32m INFO[0;39m [35m76818[0;39m [2m--- [samabank-gateway] [           main] [0;39m[36ms.s.gateway.SamabankGatewayApplication  [0;39m [2m:[0;39m Started SamabankGatewayApplication in 4.946 seconds (process running for 5.626)
[2m2026-06-28T20:20:12.607Z[0;39m [32m INFO[0;39m [35m76818[0;39m [2m--- [samabank-gateway] [rap-executor-%d] [0;39m[36mc.n.d.s.r.aws.ConfigClusterResolver     [0;39m [2m:[0;39m Resolving eureka endpoints via configuration
